build/app/outputs/mapping/release/mapping.txt
# compiler: R8
# compiler_version: 1.5.64
# min_api: 19
# pg_map_id: 3ad5c67
...
com.google.firebase.database.snapshot.Node$HashVersion -> com.google.firebase.database.x.n$b:
    com.google.firebase.database.snapshot.Node$HashVersion V1 -> b
    com.google.firebase.database.snapshot.Node$HashVersion V2 -> c
    com.google.firebase.database.snapshot.Node$HashVersion[] $VALUES -> d
com.google.firebase.database.snapshot.NodeUtilities -> com.google.firebase.database.x.o:
    com.google.firebase.database.snapshot.Node NodeFromJSON(java.lang.Object) -> a
    com.google.firebase.database.snapshot.Node NodeFromJSON(java.lang.Object,com.google.firebase.database.snapshot.Node) -> a
    int nameAndPriorityCompare(com.google.firebase.database.snapshot.ChildKey,com.google.firebase.database.snapshot.Node,com.google.firebase.database.snapshot.ChildKey,com.google.firebase.database.snapshot.Node) -> a
com.google.firebase.database.snapshot.PathIndex -> com.google.firebase.database.x.p:
    com.google.firebase.database.core.Path indexPath -> b
    int compare(com.google.firebase.database.snapshot.NamedNode,com.google.firebase.database.snapshot.NamedNode) -> a
    java.lang.String getQueryDefinition() -> a
    boolean isDefinedOn(com.google.firebase.database.snapshot.Node) -> a
    com.google.firebase.database.snapshot.NamedNode makePost(com.google.firebase.database.snapshot.ChildKey,com.google.firebase.database.snapshot.Node) -> a
    com.google.firebase.database.snapshot.NamedNode maxPost() -> b
com.google.firebase.database.snapshot.PriorityIndex -> com.google.firebase.database.x.q:
    com.google.firebase.database.snapshot.PriorityIndex INSTANCE -> b
    int compare(com.google.firebase.database.snapshot.NamedNode,com.google.firebase.database.snapshot.NamedNode) -> a
    java.lang.String getQueryDefinition() -> a
    boolean isDefinedOn(com.google.firebase.database.snapshot.Node) -> a
    com.google.firebase.database.snapshot.NamedNode makePost(com.google.firebase.database.snapshot.ChildKey,com.google.firebase.database.snapshot.Node) -> a
    com.google.firebase.database.snapshot.NamedNode maxPost() -> b
    com.google.firebase.database.snapshot.PriorityIndex getInstance() -> d
com.google.firebase.database.snapshot.PriorityUtilities -> com.google.firebase.database.x.r:
    com.google.firebase.database.snapshot.Node NullPriority() -> a
    boolean isValidPriority(com.google.firebase.database.snapshot.Node) -> a
    com.google.firebase.database.snapshot.Node parsePriority(com.google.firebase.database.core.Path,java.lang.Object) -> a
    com.google.firebase.database.snapshot.Node parsePriority(java.lang.Object) -> a
com.google.firebase.database.snapshot.RangeMerge -> com.google.firebase.database.x.s:
    com.google.firebase.database.snapshot.Node snap -> c
    com.google.firebase.database.core.Path optInclusiveEnd -> b
    com.google.firebase.database.core.Path optExclusiveStart -> a
    com.google.firebase.database.snapshot.Node applyTo(com.google.firebase.database.snapshot.Node) -> a
    com.google.firebase.database.snapshot.Node updateRangeInNode(com.google.firebase.database.core.Path,com.google.firebase.database.snapshot.Node,com.google.firebase.database.snapshot.Node) -> a
com.google.firebase.database.snapshot.StringNode -> com.google.firebase.database.x.t:
    java.lang.String value -> d
    int compareLeafValues(com.google.firebase.database.snapshot.LeafNode) -> a
    int compareLeafValues(com.google.firebase.database.snapshot.StringNode) -> a
    java.lang.String getHashRepresentation(com.google.firebase.database.snapshot.Node$HashVersion) -> a
    com.google.firebase.database.snapshot.LeafNode$LeafType getLeafType() -> a
    com.google.firebase.database.snapshot.Node updatePriority(com.google.firebase.database.snapshot.Node) -> a
    com.google.firebase.database.snapshot.StringNode updatePriority(com.google.firebase.database.snapshot.Node) -> a
com.google.firebase.database.snapshot.StringNode$1 -> com.google.firebase.database.x.t$a:
    int[] $SwitchMap$com$google$firebase$database$snapshot$Node$HashVersion -> a